[0.799s] Invoking command in '/home/jazzy/cv_ws/src/real_gauge_detector': DEBUGINFOD_URLS=https://debuginfod.ubuntu.com PYTHONPATH=/home/jazzy/cv_ws/build/real_gauge_detector/prefix_override:/usr/lib/python3/dist-packages/colcon_core/task/python/colcon_distutils_commands:/home/jazzy/cv_ws/install/real_gauge_detector/lib/python3.12/site-packages:${PYTHONPATH} /usr/bin/python3 -W ignore:setup.py install is deprecated -W ignore:easy_install command is deprecated setup.py egg_info --egg-base ../../build/real_gauge_detector build --build-base /home/jazzy/cv_ws/build/real_gauge_detector/build install --record /home/jazzy/cv_ws/build/real_gauge_detector/install.log --single-version-externally-managed install_data
[1.030s] running egg_info
[1.047s] writing ../../build/real_gauge_detector/real_gauge_detector.egg-info/PKG-INFO
[1.048s] writing dependency_links to ../../build/real_gauge_detector/real_gauge_detector.egg-info/dependency_links.txt
[1.048s] writing entry points to ../../build/real_gauge_detector/real_gauge_detector.egg-info/entry_points.txt
[1.049s] writing requirements to ../../build/real_gauge_detector/real_gauge_detector.egg-info/requires.txt
[1.049s] writing top-level names to ../../build/real_gauge_detector/real_gauge_detector.egg-info/top_level.txt
[1.084s] reading manifest file '../../build/real_gauge_detector/real_gauge_detector.egg-info/SOURCES.txt'
[1.084s] writing manifest file '../../build/real_gauge_detector/real_gauge_detector.egg-info/SOURCES.txt'
[1.085s] running build
[1.085s] running build_py
[1.085s] copying real_gauge_detector/real_gauge_detector.py -> /home/jazzy/cv_ws/build/real_gauge_detector/build/lib/real_gauge_detector
[1.086s] running install
[1.092s] running install_lib
[1.109s] copying /home/jazzy/cv_ws/build/real_gauge_detector/build/lib/real_gauge_detector/real_gauge_detector.py -> /home/jazzy/cv_ws/install/real_gauge_detector/lib/python3.12/site-packages/real_gauge_detector
[1.110s] byte-compiling /home/jazzy/cv_ws/install/real_gauge_detector/lib/python3.12/site-packages/real_gauge_detector/real_gauge_detector.py to real_gauge_detector.cpython-312.pyc
[1.114s] running install_data
[1.114s] running install_egg_info
[1.133s] removing '/home/jazzy/cv_ws/install/real_gauge_detector/lib/python3.12/site-packages/real_gauge_detector-0.0.0-py3.12.egg-info' (and everything under it)
[1.135s] Copying ../../build/real_gauge_detector/real_gauge_detector.egg-info to /home/jazzy/cv_ws/install/real_gauge_detector/lib/python3.12/site-packages/real_gauge_detector-0.0.0-py3.12.egg-info
[1.137s] running install_scripts
[1.255s] Installing real_gauge_detector script to /home/jazzy/cv_ws/install/real_gauge_detector/lib/real_gauge_detector
[1.256s] writing list of installed files to '/home/jazzy/cv_ws/build/real_gauge_detector/install.log'
[1.288s] Invoked command in '/home/jazzy/cv_ws/src/real_gauge_detector' returned '0': DEBUGINFOD_URLS=https://debuginfod.ubuntu.com PYTHONPATH=/home/jazzy/cv_ws/build/real_gauge_detector/prefix_override:/usr/lib/python3/dist-packages/colcon_core/task/python/colcon_distutils_commands:/home/jazzy/cv_ws/install/real_gauge_detector/lib/python3.12/site-packages:${PYTHONPATH} /usr/bin/python3 -W ignore:setup.py install is deprecated -W ignore:easy_install command is deprecated setup.py egg_info --egg-base ../../build/real_gauge_detector build --build-base /home/jazzy/cv_ws/build/real_gauge_detector/build install --record /home/jazzy/cv_ws/build/real_gauge_detector/install.log --single-version-externally-managed install_data
