[0.697s] Invoking command in '/home/jazzy/cv_ws/src/real_gauge_detector': DEBUGINFOD_URLS=https://debuginfod.ubuntu.com PYTHONPATH=/home/jazzy/cv_ws/build/real_gauge_detector/prefix_override:/usr/lib/python3/dist-packages/colcon_core/task/python/colcon_distutils_commands:/home/jazzy/cv_ws/install/real_gauge_detector/lib/python3.12/site-packages:${PYTHONPATH} /usr/bin/python3 -W ignore:setup.py install is deprecated -W ignore:easy_install command is deprecated setup.py egg_info --egg-base ../../build/real_gauge_detector build --build-base /home/jazzy/cv_ws/build/real_gauge_detector/build install --record /home/jazzy/cv_ws/build/real_gauge_detector/install.log --single-version-externally-managed install_data
[0.950s] running egg_info
[0.967s] writing ../../build/real_gauge_detector/real_gauge_detector.egg-info/PKG-INFO
[0.967s] writing dependency_links to ../../build/real_gauge_detector/real_gauge_detector.egg-info/dependency_links.txt
[0.967s] writing entry points to ../../build/real_gauge_detector/real_gauge_detector.egg-info/entry_points.txt
[0.967s] writing requirements to ../../build/real_gauge_detector/real_gauge_detector.egg-info/requires.txt
[0.967s] writing top-level names to ../../build/real_gauge_detector/real_gauge_detector.egg-info/top_level.txt
[1.002s] reading manifest file '../../build/real_gauge_detector/real_gauge_detector.egg-info/SOURCES.txt'
[1.002s] writing manifest file '../../build/real_gauge_detector/real_gauge_detector.egg-info/SOURCES.txt'
[1.004s] running build
[1.005s] running build_py
[1.005s] copying real_gauge_detector/real_gauge_detector.py -> /home/jazzy/cv_ws/build/real_gauge_detector/build/lib/real_gauge_detector
[1.006s] running install
[1.014s] running install_lib
[1.031s] copying /home/jazzy/cv_ws/build/real_gauge_detector/build/lib/real_gauge_detector/real_gauge_detector.py -> /home/jazzy/cv_ws/install/real_gauge_detector/lib/python3.12/site-packages/real_gauge_detector
[1.031s] byte-compiling /home/jazzy/cv_ws/install/real_gauge_detector/lib/python3.12/site-packages/real_gauge_detector/real_gauge_detector.py to real_gauge_detector.cpython-312.pyc
[1.034s]   File "/home/jazzy/cv_ws/install/real_gauge_detector/lib/python3.12/site-packages/real_gauge_detector/real_gauge_detector.py", line 93
[1.034s]     cv2.putText(frame, "Manometr finded, 
[1.034s]                        ^
[1.034s] SyntaxError: unterminated string literal (detected at line 93)
[1.035s] 
[1.036s] running install_data
[1.036s] running install_egg_info
[1.052s] removing '/home/jazzy/cv_ws/install/real_gauge_detector/lib/python3.12/site-packages/real_gauge_detector-0.0.0-py3.12.egg-info' (and everything under it)
[1.053s] Copying ../../build/real_gauge_detector/real_gauge_detector.egg-info to /home/jazzy/cv_ws/install/real_gauge_detector/lib/python3.12/site-packages/real_gauge_detector-0.0.0-py3.12.egg-info
[1.053s] running install_scripts
[1.170s] Installing real_gauge_detector script to /home/jazzy/cv_ws/install/real_gauge_detector/lib/real_gauge_detector
[1.170s] writing list of installed files to '/home/jazzy/cv_ws/build/real_gauge_detector/install.log'
[1.191s] Invoked command in '/home/jazzy/cv_ws/src/real_gauge_detector' returned '0': DEBUGINFOD_URLS=https://debuginfod.ubuntu.com PYTHONPATH=/home/jazzy/cv_ws/build/real_gauge_detector/prefix_override:/usr/lib/python3/dist-packages/colcon_core/task/python/colcon_distutils_commands:/home/jazzy/cv_ws/install/real_gauge_detector/lib/python3.12/site-packages:${PYTHONPATH} /usr/bin/python3 -W ignore:setup.py install is deprecated -W ignore:easy_install command is deprecated setup.py egg_info --egg-base ../../build/real_gauge_detector build --build-base /home/jazzy/cv_ws/build/real_gauge_detector/build install --record /home/jazzy/cv_ws/build/real_gauge_detector/install.log --single-version-externally-managed install_data
