[0.646s] Invoking command in '/home/jazzy/cv_ws/src/real_gauge_detector': DEBUGINFOD_URLS=https://debuginfod.ubuntu.com PYTHONPATH=/home/jazzy/cv_ws/build/real_gauge_detector/prefix_override:/usr/lib/python3/dist-packages/colcon_core/task/python/colcon_distutils_commands:/home/jazzy/cv_ws/install/real_gauge_detector/lib/python3.12/site-packages:${PYTHONPATH} /usr/bin/python3 -W ignore:setup.py install is deprecated -W ignore:easy_install command is deprecated setup.py egg_info --egg-base ../../build/real_gauge_detector build --build-base /home/jazzy/cv_ws/build/real_gauge_detector/build install --record /home/jazzy/cv_ws/build/real_gauge_detector/install.log --single-version-externally-managed install_data
[0.846s] running egg_info
[0.861s] writing ../../build/real_gauge_detector/real_gauge_detector.egg-info/PKG-INFO
[0.861s] writing dependency_links to ../../build/real_gauge_detector/real_gauge_detector.egg-info/dependency_links.txt
[0.862s] writing entry points to ../../build/real_gauge_detector/real_gauge_detector.egg-info/entry_points.txt
[0.862s] writing requirements to ../../build/real_gauge_detector/real_gauge_detector.egg-info/requires.txt
[0.862s] writing top-level names to ../../build/real_gauge_detector/real_gauge_detector.egg-info/top_level.txt
[0.890s] reading manifest file '../../build/real_gauge_detector/real_gauge_detector.egg-info/SOURCES.txt'
[0.891s] writing manifest file '../../build/real_gauge_detector/real_gauge_detector.egg-info/SOURCES.txt'
[0.891s] running build
[0.891s] running build_py
[0.891s] copying real_gauge_detector/real_gauge_detector.py -> /home/jazzy/cv_ws/build/real_gauge_detector/build/lib/real_gauge_detector
[0.893s] running install
[0.898s] running install_lib
[0.912s] copying /home/jazzy/cv_ws/build/real_gauge_detector/build/lib/real_gauge_detector/real_gauge_detector.py -> /home/jazzy/cv_ws/install/real_gauge_detector/lib/python3.12/site-packages/real_gauge_detector
[0.914s] byte-compiling /home/jazzy/cv_ws/install/real_gauge_detector/lib/python3.12/site-packages/real_gauge_detector/real_gauge_detector.py to real_gauge_detector.cpython-312.pyc
[0.915s] running install_data
[0.915s] running install_egg_info
[0.932s] removing '/home/jazzy/cv_ws/install/real_gauge_detector/lib/python3.12/site-packages/real_gauge_detector-0.0.0-py3.12.egg-info' (and everything under it)
[0.933s] Copying ../../build/real_gauge_detector/real_gauge_detector.egg-info to /home/jazzy/cv_ws/install/real_gauge_detector/lib/python3.12/site-packages/real_gauge_detector-0.0.0-py3.12.egg-info
[0.933s] running install_scripts
[1.038s] Installing real_gauge_detector script to /home/jazzy/cv_ws/install/real_gauge_detector/lib/real_gauge_detector
[1.038s] writing list of installed files to '/home/jazzy/cv_ws/build/real_gauge_detector/install.log'
[1.070s] Invoked command in '/home/jazzy/cv_ws/src/real_gauge_detector' returned '0': DEBUGINFOD_URLS=https://debuginfod.ubuntu.com PYTHONPATH=/home/jazzy/cv_ws/build/real_gauge_detector/prefix_override:/usr/lib/python3/dist-packages/colcon_core/task/python/colcon_distutils_commands:/home/jazzy/cv_ws/install/real_gauge_detector/lib/python3.12/site-packages:${PYTHONPATH} /usr/bin/python3 -W ignore:setup.py install is deprecated -W ignore:easy_install command is deprecated setup.py egg_info --egg-base ../../build/real_gauge_detector build --build-base /home/jazzy/cv_ws/build/real_gauge_detector/build install --record /home/jazzy/cv_ws/build/real_gauge_detector/install.log --single-version-externally-managed install_data
