running egg_info
creating ../../build/real_gauge_detector/real_gauge_detector.egg-info
writing ../../build/real_gauge_detector/real_gauge_detector.egg-info/PKG-INFO
writing dependency_links to ../../build/real_gauge_detector/real_gauge_detector.egg-info/dependency_links.txt
writing entry points to ../../build/real_gauge_detector/real_gauge_detector.egg-info/entry_points.txt
writing requirements to ../../build/real_gauge_detector/real_gauge_detector.egg-info/requires.txt
writing top-level names to ../../build/real_gauge_detector/real_gauge_detector.egg-info/top_level.txt
writing manifest file '../../build/real_gauge_detector/real_gauge_detector.egg-info/SOURCES.txt'
reading manifest file '../../build/real_gauge_detector/real_gauge_detector.egg-info/SOURCES.txt'
writing manifest file '../../build/real_gauge_detector/real_gauge_detector.egg-info/SOURCES.txt'
running build
running build_py
creating /home/jazzy/cv_ws/build/real_gauge_detector/build
creating /home/jazzy/cv_ws/build/real_gauge_detector/build/lib
creating /home/jazzy/cv_ws/build/real_gauge_detector/build/lib/real_gauge_detector
copying real_gauge_detector/real_gauge_detector.py -> /home/jazzy/cv_ws/build/real_gauge_detector/build/lib/real_gauge_detector
copying real_gauge_detector/__init__.py -> /home/jazzy/cv_ws/build/real_gauge_detector/build/lib/real_gauge_detector
running install
running install_lib
creating /home/jazzy/cv_ws/install/real_gauge_detector/lib/python3.12/site-packages/real_gauge_detector
copying /home/jazzy/cv_ws/build/real_gauge_detector/build/lib/real_gauge_detector/real_gauge_detector.py -> /home/jazzy/cv_ws/install/real_gauge_detector/lib/python3.12/site-packages/real_gauge_detector
copying /home/jazzy/cv_ws/build/real_gauge_detector/build/lib/real_gauge_detector/__init__.py -> /home/jazzy/cv_ws/install/real_gauge_detector/lib/python3.12/site-packages/real_gauge_detector
byte-compiling /home/jazzy/cv_ws/install/real_gauge_detector/lib/python3.12/site-packages/real_gauge_detector/real_gauge_detector.py to real_gauge_detector.cpython-312.pyc
byte-compiling /home/jazzy/cv_ws/install/real_gauge_detector/lib/python3.12/site-packages/real_gauge_detector/__init__.py to __init__.cpython-312.pyc
running install_data
creating /home/jazzy/cv_ws/install/real_gauge_detector/share/ament_index
creating /home/jazzy/cv_ws/install/real_gauge_detector/share/ament_index/resource_index
creating /home/jazzy/cv_ws/install/real_gauge_detector/share/ament_index/resource_index/packages
copying resource/real_gauge_detector -> /home/jazzy/cv_ws/install/real_gauge_detector/share/ament_index/resource_index/packages
copying package.xml -> /home/jazzy/cv_ws/install/real_gauge_detector/share/real_gauge_detector
creating /home/jazzy/cv_ws/install/real_gauge_detector/share/real_gauge_detector/launch
copying launch/detector.launch.py -> /home/jazzy/cv_ws/install/real_gauge_detector/share/real_gauge_detector/launch
running install_egg_info
Copying ../../build/real_gauge_detector/real_gauge_detector.egg-info to /home/jazzy/cv_ws/install/real_gauge_detector/lib/python3.12/site-packages/real_gauge_detector-0.0.0-py3.12.egg-info
running install_scripts
Installing real_gauge_detector script to /home/jazzy/cv_ws/install/real_gauge_detector/lib/real_gauge_detector
writing list of installed files to '/home/jazzy/cv_ws/build/real_gauge_detector/install.log'
