[0.759s] Invoking command in '/home/jazzy/cv_ws/src/real_gauge_detector': DEBUGINFOD_URLS=https://debuginfod.ubuntu.com PYTHONPATH=/home/jazzy/cv_ws/build/real_gauge_detector/prefix_override:/usr/lib/python3/dist-packages/colcon_core/task/python/colcon_distutils_commands:/home/jazzy/cv_ws/install/real_gauge_detector/lib/python3.12/site-packages:${PYTHONPATH} /usr/bin/python3 -W ignore:setup.py install is deprecated -W ignore:easy_install command is deprecated setup.py egg_info --egg-base ../../build/real_gauge_detector build --build-base /home/jazzy/cv_ws/build/real_gauge_detector/build install --record /home/jazzy/cv_ws/build/real_gauge_detector/install.log --single-version-externally-managed install_data
[0.991s] running egg_info
[0.991s] creating ../../build/real_gauge_detector/real_gauge_detector.egg-info
[1.006s] writing ../../build/real_gauge_detector/real_gauge_detector.egg-info/PKG-INFO
[1.006s] writing dependency_links to ../../build/real_gauge_detector/real_gauge_detector.egg-info/dependency_links.txt
[1.007s] writing entry points to ../../build/real_gauge_detector/real_gauge_detector.egg-info/entry_points.txt
[1.007s] writing requirements to ../../build/real_gauge_detector/real_gauge_detector.egg-info/requires.txt
[1.007s] writing top-level names to ../../build/real_gauge_detector/real_gauge_detector.egg-info/top_level.txt
[1.007s] writing manifest file '../../build/real_gauge_detector/real_gauge_detector.egg-info/SOURCES.txt'
[1.043s] reading manifest file '../../build/real_gauge_detector/real_gauge_detector.egg-info/SOURCES.txt'
[1.044s] writing manifest file '../../build/real_gauge_detector/real_gauge_detector.egg-info/SOURCES.txt'
[1.044s] running build
[1.044s] running build_py
[1.044s] creating /home/jazzy/cv_ws/build/real_gauge_detector/build
[1.045s] creating /home/jazzy/cv_ws/build/real_gauge_detector/build/lib
[1.045s] creating /home/jazzy/cv_ws/build/real_gauge_detector/build/lib/real_gauge_detector
[1.045s] copying real_gauge_detector/real_gauge_detector.py -> /home/jazzy/cv_ws/build/real_gauge_detector/build/lib/real_gauge_detector
[1.045s] copying real_gauge_detector/__init__.py -> /home/jazzy/cv_ws/build/real_gauge_detector/build/lib/real_gauge_detector
[1.045s] running install
[1.050s] running install_lib
[1.067s] creating /home/jazzy/cv_ws/install/real_gauge_detector/lib/python3.12/site-packages/real_gauge_detector
[1.067s] copying /home/jazzy/cv_ws/build/real_gauge_detector/build/lib/real_gauge_detector/real_gauge_detector.py -> /home/jazzy/cv_ws/install/real_gauge_detector/lib/python3.12/site-packages/real_gauge_detector
[1.068s] copying /home/jazzy/cv_ws/build/real_gauge_detector/build/lib/real_gauge_detector/__init__.py -> /home/jazzy/cv_ws/install/real_gauge_detector/lib/python3.12/site-packages/real_gauge_detector
[1.068s] byte-compiling /home/jazzy/cv_ws/install/real_gauge_detector/lib/python3.12/site-packages/real_gauge_detector/real_gauge_detector.py to real_gauge_detector.cpython-312.pyc
[1.070s] byte-compiling /home/jazzy/cv_ws/install/real_gauge_detector/lib/python3.12/site-packages/real_gauge_detector/__init__.py to __init__.cpython-312.pyc
[1.070s] running install_data
[1.070s] creating /home/jazzy/cv_ws/install/real_gauge_detector/share/ament_index
[1.070s] creating /home/jazzy/cv_ws/install/real_gauge_detector/share/ament_index/resource_index
[1.071s] creating /home/jazzy/cv_ws/install/real_gauge_detector/share/ament_index/resource_index/packages
[1.071s] copying resource/real_gauge_detector -> /home/jazzy/cv_ws/install/real_gauge_detector/share/ament_index/resource_index/packages
[1.071s] copying package.xml -> /home/jazzy/cv_ws/install/real_gauge_detector/share/real_gauge_detector
[1.071s] creating /home/jazzy/cv_ws/install/real_gauge_detector/share/real_gauge_detector/launch
[1.071s] copying launch/detector.launch.py -> /home/jazzy/cv_ws/install/real_gauge_detector/share/real_gauge_detector/launch
[1.075s] running install_egg_info
[1.094s] Copying ../../build/real_gauge_detector/real_gauge_detector.egg-info to /home/jazzy/cv_ws/install/real_gauge_detector/lib/python3.12/site-packages/real_gauge_detector-0.0.0-py3.12.egg-info
[1.094s] running install_scripts
[1.202s] Installing real_gauge_detector script to /home/jazzy/cv_ws/install/real_gauge_detector/lib/real_gauge_detector
[1.202s] writing list of installed files to '/home/jazzy/cv_ws/build/real_gauge_detector/install.log'
[1.241s] Invoked command in '/home/jazzy/cv_ws/src/real_gauge_detector' returned '0': DEBUGINFOD_URLS=https://debuginfod.ubuntu.com PYTHONPATH=/home/jazzy/cv_ws/build/real_gauge_detector/prefix_override:/usr/lib/python3/dist-packages/colcon_core/task/python/colcon_distutils_commands:/home/jazzy/cv_ws/install/real_gauge_detector/lib/python3.12/site-packages:${PYTHONPATH} /usr/bin/python3 -W ignore:setup.py install is deprecated -W ignore:easy_install command is deprecated setup.py egg_info --egg-base ../../build/real_gauge_detector build --build-base /home/jazzy/cv_ws/build/real_gauge_detector/build install --record /home/jazzy/cv_ws/build/real_gauge_detector/install.log --single-version-externally-managed install_data
