[0.732s] Invoking command in '/home/jazzy/cv_ws/src/real_gauge_detector': DEBUGINFOD_URLS=https://debuginfod.ubuntu.com PYTHONPATH=/home/jazzy/cv_ws/build/real_gauge_detector/prefix_override:/usr/lib/python3/dist-packages/colcon_core/task/python/colcon_distutils_commands:/home/jazzy/cv_ws/install/real_gauge_detector/lib/python3.12/site-packages:${PYTHONPATH} /usr/bin/python3 -W ignore:setup.py install is deprecated -W ignore:easy_install command is deprecated setup.py egg_info --egg-base ../../build/real_gauge_detector build --build-base /home/jazzy/cv_ws/build/real_gauge_detector/build install --record /home/jazzy/cv_ws/build/real_gauge_detector/install.log --single-version-externally-managed install_data
[0.972s] running egg_info
[0.988s] writing ../../build/real_gauge_detector/real_gauge_detector.egg-info/PKG-INFO
[0.989s] writing dependency_links to ../../build/real_gauge_detector/real_gauge_detector.egg-info/dependency_links.txt
[0.989s] writing entry points to ../../build/real_gauge_detector/real_gauge_detector.egg-info/entry_points.txt
[0.990s] writing requirements to ../../build/real_gauge_detector/real_gauge_detector.egg-info/requires.txt
[0.990s] writing top-level names to ../../build/real_gauge_detector/real_gauge_detector.egg-info/top_level.txt
[1.023s] reading manifest file '../../build/real_gauge_detector/real_gauge_detector.egg-info/SOURCES.txt'
[1.024s] writing manifest file '../../build/real_gauge_detector/real_gauge_detector.egg-info/SOURCES.txt'
[1.024s] running build
[1.024s] running build_py
[1.024s] copying real_gauge_detector/real_gauge_detector.py -> /home/jazzy/cv_ws/build/real_gauge_detector/build/lib/real_gauge_detector
[1.025s] running install
[1.030s] running install_lib
[1.047s] copying /home/jazzy/cv_ws/build/real_gauge_detector/build/lib/real_gauge_detector/real_gauge_detector.py -> /home/jazzy/cv_ws/install/real_gauge_detector/lib/python3.12/site-packages/real_gauge_detector
[1.052s] byte-compiling /home/jazzy/cv_ws/install/real_gauge_detector/lib/python3.12/site-packages/real_gauge_detector/real_gauge_detector.py to real_gauge_detector.cpython-312.pyc
[1.055s] running install_data
[1.055s] running install_egg_info
[1.072s] removing '/home/jazzy/cv_ws/install/real_gauge_detector/lib/python3.12/site-packages/real_gauge_detector-0.0.0-py3.12.egg-info' (and everything under it)
[1.072s] Copying ../../build/real_gauge_detector/real_gauge_detector.egg-info to /home/jazzy/cv_ws/install/real_gauge_detector/lib/python3.12/site-packages/real_gauge_detector-0.0.0-py3.12.egg-info
[1.073s] running install_scripts
[1.189s] Installing real_gauge_detector script to /home/jazzy/cv_ws/install/real_gauge_detector/lib/real_gauge_detector
[1.190s] writing list of installed files to '/home/jazzy/cv_ws/build/real_gauge_detector/install.log'
[1.211s] Invoked command in '/home/jazzy/cv_ws/src/real_gauge_detector' returned '0': DEBUGINFOD_URLS=https://debuginfod.ubuntu.com PYTHONPATH=/home/jazzy/cv_ws/build/real_gauge_detector/prefix_override:/usr/lib/python3/dist-packages/colcon_core/task/python/colcon_distutils_commands:/home/jazzy/cv_ws/install/real_gauge_detector/lib/python3.12/site-packages:${PYTHONPATH} /usr/bin/python3 -W ignore:setup.py install is deprecated -W ignore:easy_install command is deprecated setup.py egg_info --egg-base ../../build/real_gauge_detector build --build-base /home/jazzy/cv_ws/build/real_gauge_detector/build install --record /home/jazzy/cv_ws/build/real_gauge_detector/install.log --single-version-externally-managed install_data
