[0.792s] Invoking command in '/home/jazzy/cv_ws/src/real_gauge_detector': DEBUGINFOD_URLS=https://debuginfod.ubuntu.com PYTHONPATH=/home/jazzy/cv_ws/build/real_gauge_detector/prefix_override:/usr/lib/python3/dist-packages/colcon_core/task/python/colcon_distutils_commands:/home/jazzy/cv_ws/install/real_gauge_detector/lib/python3.12/site-packages:${PYTHONPATH} /usr/bin/python3 -W ignore:setup.py install is deprecated -W ignore:easy_install command is deprecated setup.py egg_info --egg-base ../../build/real_gauge_detector build --build-base /home/jazzy/cv_ws/build/real_gauge_detector/build install --record /home/jazzy/cv_ws/build/real_gauge_detector/install.log --single-version-externally-managed install_data
[1.234s] running egg_info
[1.253s] writing ../../build/real_gauge_detector/real_gauge_detector.egg-info/PKG-INFO
[1.253s] writing dependency_links to ../../build/real_gauge_detector/real_gauge_detector.egg-info/dependency_links.txt
[1.254s] writing entry points to ../../build/real_gauge_detector/real_gauge_detector.egg-info/entry_points.txt
[1.254s] writing requirements to ../../build/real_gauge_detector/real_gauge_detector.egg-info/requires.txt
[1.254s] writing top-level names to ../../build/real_gauge_detector/real_gauge_detector.egg-info/top_level.txt
[1.292s] reading manifest file '../../build/real_gauge_detector/real_gauge_detector.egg-info/SOURCES.txt'
[1.293s] writing manifest file '../../build/real_gauge_detector/real_gauge_detector.egg-info/SOURCES.txt'
[1.294s] running build
[1.294s] running build_py
[1.294s] copying real_gauge_detector/real_gauge_detector.py -> /home/jazzy/cv_ws/build/real_gauge_detector/build/lib/real_gauge_detector
[1.294s] running install
[1.300s] running install_lib
[1.319s] copying /home/jazzy/cv_ws/build/real_gauge_detector/build/lib/real_gauge_detector/real_gauge_detector.py -> /home/jazzy/cv_ws/install/real_gauge_detector/lib/python3.12/site-packages/real_gauge_detector
[1.319s] byte-compiling /home/jazzy/cv_ws/install/real_gauge_detector/lib/python3.12/site-packages/real_gauge_detector/real_gauge_detector.py to real_gauge_detector.cpython-312.pyc
[1.321s] /home/jazzy/cv_ws/install/real_gauge_detector/lib/python3.12/site-packages/real_gauge_detector/real_gauge_detector.py:93: SyntaxWarning: 'str' object is not callable; perhaps you missed a comma?
[1.321s]   cv2.putText(frame, "Manometr finded"
[1.323s] running install_data
[1.323s] running install_egg_info
[1.343s] removing '/home/jazzy/cv_ws/install/real_gauge_detector/lib/python3.12/site-packages/real_gauge_detector-0.0.0-py3.12.egg-info' (and everything under it)
[1.343s] Copying ../../build/real_gauge_detector/real_gauge_detector.egg-info to /home/jazzy/cv_ws/install/real_gauge_detector/lib/python3.12/site-packages/real_gauge_detector-0.0.0-py3.12.egg-info
[1.343s] running install_scripts
[1.463s] Installing real_gauge_detector script to /home/jazzy/cv_ws/install/real_gauge_detector/lib/real_gauge_detector
[1.463s] writing list of installed files to '/home/jazzy/cv_ws/build/real_gauge_detector/install.log'
[1.488s] Invoked command in '/home/jazzy/cv_ws/src/real_gauge_detector' returned '0': DEBUGINFOD_URLS=https://debuginfod.ubuntu.com PYTHONPATH=/home/jazzy/cv_ws/build/real_gauge_detector/prefix_override:/usr/lib/python3/dist-packages/colcon_core/task/python/colcon_distutils_commands:/home/jazzy/cv_ws/install/real_gauge_detector/lib/python3.12/site-packages:${PYTHONPATH} /usr/bin/python3 -W ignore:setup.py install is deprecated -W ignore:easy_install command is deprecated setup.py egg_info --egg-base ../../build/real_gauge_detector build --build-base /home/jazzy/cv_ws/build/real_gauge_detector/build install --record /home/jazzy/cv_ws/build/real_gauge_detector/install.log --single-version-externally-managed install_data
